<?xml version="1.0" encoding="UTF-8"?>
<!-- Generated by org.testng.reporters.JUnitXMLReporter -->
<testsuite ignored="0" hostname="Pratik" failures="1" tests="6" name="Test" time="107.602" errors="0" timestamp="2021-01-09T22:14:58 IST">
  <testcase classname="greenKart.greenKart.TC01_BuyItems" name="tc11_startGreenKart" time="34.013"/>
  <testcase classname="greenKart.greenKart.TC01_BuyItems" name="tc12_searchItems" time="2.487"/>
  <testcase classname="greenKart.greenKart.TC01_BuyItems" name="tc13_addToKartItems" time="0.492"/>
  <testcase classname="greenKart.greenKart.TC01_BuyItems" name="tc11_startGreenKart" time="43.547"/>
  <testcase classname="greenKart.greenKart.TC01_BuyItems" name="tc12_searchItems" time="0.846">
    <failure type="java.lang.AssertionError" message="expected [false] but found [true]">
      <![CDATA[java.lang.AssertionError: expected [false] but found [true]
at greenKart.greenKart.TC01_BuyItems.tc12_searchItems(TC01_BuyItems.java:111)
at java.base/java.util.ArrayList.forEach(ArrayList.java:1541)
... Removed 33 stack frames]]>
    </failure>
  </testcase> <!-- tc12_searchItems -->
  <testcase classname="greenKart.greenKart.TC01_BuyItems" name="tc13_addToKartItems" time="0.297"/>
</testsuite> <!-- Test -->
